<?xml version="1.0" encoding="UTF-8"?>
<testng-results ignored="0" total="1" passed="1" failed="0" skipped="0">
  <reporter-output>
  </reporter-output>
  <suite started-at="2021-03-25T13:34:23 GMT" name="Default suite" finished-at="2021-03-25T13:34:27 GMT" duration-ms="4275">
    <groups>
    </groups>
    <test started-at="2021-03-25T13:34:23 GMT" name="Default test" finished-at="2021-03-25T13:34:27 GMT" duration-ms="4275">
      <class name="testCases.TestCase1">
        <test-method is-config="true" signature="initialSetup()[pri:0, instance:testCases.TestCase1@6bf0219d]" started-at="2021-03-25T13:34:18 GMT" name="initialSetup" finished-at="2021-03-25T13:34:23 GMT" duration-ms="4104" status="PASS">
          <reporter-output>
          </reporter-output>
        </test-method> <!-- initialSetup -->
        <test-method signature="TC1()[pri:0, instance:testCases.TestCase1@6bf0219d]" started-at="2021-03-25T13:34:23 GMT" name="TC1" finished-at="2021-03-25T13:34:27 GMT" duration-ms="4225" status="PASS">
          <reporter-output>
          </reporter-output>
        </test-method> <!-- TC1 -->
      </class> <!-- testCases.TestCase1 -->
    </test> <!-- Default test -->
  </suite> <!-- Default suite -->
</testng-results>
